# JRE version: Java(TM) SE Runtime Environment 18.9 (11.0.12+8) (build 11.0.12+8-LTS-237)
# Java VM: Java HotSpot(TM) 64-Bit Server VM 18.9 (11.0.12+8-LTS-237, mixed mode, tiered, compressed oops, g1 gc, windows-amd64)
Heap:
 garbage-first heap   total 61440K, used 22189K [0x00000000c4a00000, 0x0000000100000000)
  region size 1024K, 20 young (20480K), 2 survivors (2048K)
 Metaspace       used 19976K, capacity 20285K, committed 20480K, reserved 1067008K
  class space    used 2146K, capacity 2275K, committed 2304K, reserved 1048576K
GC Heap History (6 events):
Event: 2.739 GC heap before
{Heap before GC invocations=0 (full 0):
 garbage-first heap   total 61440K, used 13312K [0x00000000c4a00000, 0x0000000100000000)
  region size 1024K, 14 young (14336K), 0 survivors (0K)
 Metaspace       used 11051K, capacity 11209K, committed 11392K, reserved 1058816K
  class space    used 1053K, capacity 1120K, committed 1152K, reserved 1048576K
}
Event: 2.755 GC heap after
{Heap after GC invocations=1 (full 0):
 garbage-first heap   total 61440K, used 3024K [0x00000000c4a00000, 0x0000000100000000)
  region size 1024K, 2 young (2048K), 2 survivors (2048K)
 Metaspace       used 11051K, capacity 11209K, committed 11392K, reserved 1058816K
  class space    used 1053K, capacity 1120K, committed 1152K, reserved 1048576K
}
Event: 3.358 GC heap before
{Heap before GC invocations=1 (full 0):
 garbage-first heap   total 61440K, used 15312K [0x00000000c4a00000, 0x0000000100000000)
  region size 1024K, 14 young (14336K), 2 survivors (2048K)
 Metaspace       used 12838K, capacity 13013K, committed 13184K, reserved 1060864K
  class space    used 1295K, capacity 1380K, committed 1408K, reserved 1048576K
}
Event: 3.366 GC heap after
{Heap after GC invocations=2 (full 0):
 garbage-first heap   total 61440K, used 3637K [0x00000000c4a00000, 0x0000000100000000)
  region size 1024K, 1 young (1024K), 1 survivors (1024K)
 Metaspace       used 12838K, capacity 13013K, committed 13184K, reserved 1060864K
  class space    used 1295K, capacity 1380K, committed 1408K, reserved 1048576K
}
Event: 4.599 GC heap before
{Heap before GC invocations=2 (full 0):
 garbage-first heap   total 61440K, used 28213K [0x00000000c4a00000, 0x0000000100000000)
  region size 1024K, 26 young (26624K), 1 survivors (1024K)
 Metaspace       used 16230K, capacity 16460K, committed 16768K, reserved 1064960K
  class space    used 1727K, capacity 1842K, committed 1920K, reserved 1048576K
}
Event: 4.607 GC heap after
{Heap after GC invocations=3 (full 0):
 garbage-first heap   total 61440K, used 4781K [0x00000000c4a00000, 0x0000000100000000)
  region size 1024K, 2 young (2048K), 2 survivors (2048K)
 Metaspace       used 16230K, capacity 16460K, committed 16768K, reserved 1064960K
  class space    used 1727K, capacity 1842K, committed 1920K, reserved 1048576K
}

